DEPRECATION WARNING: [Devise] config.email_regexp will have a new default on Devise 4.1
To keep the current behavior please set in your config/initializers/devise.rb the following:

  Devise.setup do |config|
    config.email_regexp = /\A[^@\s]+@([^@\s]+\.)+[^@\W]+\z/
  end

If you want to use the new default:

  Devise.setup do |config|
    config.email_regexp = /\A[^@\s]+@[^@\s]+\z/
  end
. (called from <top (required)> at /home/lincoln/GitHub/cicmonit/projetoRails/cicmonit/config/initializers/devise.rb:3)
  [1m[36m (148.9ms)[0m  [1mCREATE TABLE "schema_migrations" ("version" varchar NOT NULL) [0m
  [1m[35m (0.1ms)[0m  select sqlite_version(*)
  [1m[36m (155.3ms)[0m  [1mCREATE UNIQUE INDEX "unique_schema_migrations" ON "schema_migrations" ("version")[0m
  [1m[35mActiveRecord::SchemaMigration Load (0.1ms)[0m  SELECT "schema_migrations".* FROM "schema_migrations"
Migrating to CreateProfessors (20160409010228)
  [1m[36m (0.1ms)[0m  [1mbegin transaction[0m
  [1m[35m (0.8ms)[0m  CREATE TABLE "professors" ("id" INTEGER PRIMARY KEY AUTOINCREMENT NOT NULL, "nome" varchar, "matricula" integer, "turma_id" integer) 
  [1m[36m (0.2ms)[0m  [1mCREATE  INDEX "index_professors_on_turma_id" ON "professors" ("turma_id")[0m
  [1m[35mSQL (0.6ms)[0m  INSERT INTO "schema_migrations" ("version") VALUES (?)  [["version", "20160409010228"]]
  [1m[36m (161.5ms)[0m  [1mcommit transaction[0m
Migrating to AddDeviseToProfessors (20160409015547)
  [1m[35m (0.1ms)[0m  begin transaction
  [1m[36m (1.3ms)[0m  [1mALTER TABLE "professors" ADD "email" varchar DEFAULT '' NOT NULL[0m
  [1m[35m (0.3ms)[0m  ALTER TABLE "professors" ADD "encrypted_password" varchar DEFAULT '' NOT NULL
  [1m[36m (0.2ms)[0m  [1mALTER TABLE "professors" ADD "reset_password_token" varchar[0m
  [1m[35m (0.2ms)[0m  ALTER TABLE "professors" ADD "reset_password_sent_at" datetime
  [1m[36m (0.3ms)[0m  [1mALTER TABLE "professors" ADD "remember_created_at" datetime[0m
  [1m[35m (0.2ms)[0m  ALTER TABLE "professors" ADD "sign_in_count" integer DEFAULT 0 NOT NULL
  [1m[36m (0.2ms)[0m  [1mALTER TABLE "professors" ADD "current_sign_in_at" datetime[0m
  [1m[35m (0.2ms)[0m  ALTER TABLE "professors" ADD "last_sign_in_at" datetime
  [1m[36m (0.2ms)[0m  [1mALTER TABLE "professors" ADD "current_sign_in_ip" varchar[0m
  [1m[35m (0.2ms)[0m  ALTER TABLE "professors" ADD "last_sign_in_ip" varchar
  [1m[36m (0.1ms)[0m  [1m            SELECT sql
            FROM sqlite_master
            WHERE name='index_professors_on_turma_id' AND type='index'
            UNION ALL
            SELECT sql
            FROM sqlite_temp_master
            WHERE name='index_professors_on_turma_id' AND type='index'
[0m
  [1m[35m (0.3ms)[0m  CREATE UNIQUE INDEX "index_professors_on_email" ON "professors" ("email")
  [1m[36m (0.3ms)[0m  [1m            SELECT sql
            FROM sqlite_master
            WHERE name='index_professors_on_email' AND type='index'
            UNION ALL
            SELECT sql
            FROM sqlite_temp_master
            WHERE name='index_professors_on_email' AND type='index'
[0m
  [1m[35m (0.1ms)[0m              SELECT sql
            FROM sqlite_master
            WHERE name='index_professors_on_turma_id' AND type='index'
            UNION ALL
            SELECT sql
            FROM sqlite_temp_master
            WHERE name='index_professors_on_turma_id' AND type='index'

  [1m[36m (0.2ms)[0m  [1mCREATE UNIQUE INDEX "index_professors_on_reset_password_token" ON "professors" ("reset_password_token")[0m
  [1m[35mSQL (0.4ms)[0m  INSERT INTO "schema_migrations" ("version") VALUES (?)  [["version", "20160409015547"]]
  [1m[36m (156.0ms)[0m  [1mcommit transaction[0m
Migrating to CreateAlunos (20160417161628)
  [1m[35m (0.1ms)[0m  begin transaction
  [1m[36m (1.3ms)[0m  [1mCREATE TABLE "alunos" ("id" INTEGER PRIMARY KEY AUTOINCREMENT NOT NULL, "nome" varchar(225) NOT NULL, "matricula" varchar(9) NOT NULL, "semestre" integer NOT NULL, "IRA" float DEFAULT 5.0 NOT NULL) [0m
  [1m[35mSQL (0.5ms)[0m  INSERT INTO "schema_migrations" ("version") VALUES (?)  [["version", "20160417161628"]]
  [1m[36m (161.7ms)[0m  [1mcommit transaction[0m
Migrating to CreateCampus (20160419181652)
  [1m[35m (0.2ms)[0m  begin transaction
  [1m[36m (1.3ms)[0m  [1mCREATE TABLE "campus" ("id" INTEGER PRIMARY KEY AUTOINCREMENT NOT NULL, "codigo" integer, "nome" varchar) [0m
  [1m[35mSQL (0.8ms)[0m  INSERT INTO "schema_migrations" ("version") VALUES (?)  [["version", "20160419181652"]]
  [1m[36m (141.9ms)[0m  [1mcommit transaction[0m
Migrating to CreateDepartamentos (20160419181729)
  [1m[35m (0.1ms)[0m  begin transaction
  [1m[36m (1.9ms)[0m  [1mCREATE TABLE "departamentos" ("id" INTEGER PRIMARY KEY AUTOINCREMENT NOT NULL, "codigo" integer, "sigla" varchar, "nome" varchar, "campu_id" integer) [0m
  [1m[35m (0.3ms)[0m  CREATE  INDEX "index_departamentos_on_campu_id" ON "departamentos" ("campu_id")
  [1m[36mSQL (0.8ms)[0m  [1mINSERT INTO "schema_migrations" ("version") VALUES (?)[0m  [["version", "20160419181729"]]
  [1m[35m (183.0ms)[0m  commit transaction
Migrating to CreateDisciplinas (20160419181907)
  [1m[36m (0.1ms)[0m  [1mbegin transaction[0m
  [1m[35m (0.8ms)[0m  CREATE TABLE "disciplinas" ("id" INTEGER PRIMARY KEY AUTOINCREMENT NOT NULL, "codigo" integer, "nome" varchar, "departamento_id" integer) 
  [1m[36m (0.2ms)[0m  [1mCREATE  INDEX "index_disciplinas_on_departamento_id" ON "disciplinas" ("departamento_id")[0m
  [1m[35mSQL (0.5ms)[0m  INSERT INTO "schema_migrations" ("version") VALUES (?)  [["version", "20160419181907"]]
  [1m[36m (163.0ms)[0m  [1mcommit transaction[0m
Migrating to CreateTurmas (20160419181938)
  [1m[35m (0.1ms)[0m  begin transaction
  [1m[36m (1.2ms)[0m  [1mCREATE TABLE "turmas" ("id" INTEGER PRIMARY KEY AUTOINCREMENT NOT NULL, "nome" varchar, "disciplina_id" integer) [0m
  [1m[35m (0.2ms)[0m  CREATE  INDEX "index_turmas_on_disciplina_id" ON "turmas" ("disciplina_id")
  [1m[36mSQL (0.6ms)[0m  [1mINSERT INTO "schema_migrations" ("version") VALUES (?)[0m  [["version", "20160419181938"]]
  [1m[35m (162.0ms)[0m  commit transaction
Migrating to CreateHorarios (20160419182125)
  [1m[36m (0.1ms)[0m  [1mbegin transaction[0m
  [1m[35m (1.2ms)[0m  CREATE TABLE "horarios" ("id" INTEGER PRIMARY KEY AUTOINCREMENT NOT NULL, "nome" varchar, "turma_id" integer) 
  [1m[36m (0.2ms)[0m  [1mCREATE  INDEX "index_horarios_on_turma_id" ON "horarios" ("turma_id")[0m
  [1m[35mSQL (0.4ms)[0m  INSERT INTO "schema_migrations" ("version") VALUES (?)  [["version", "20160419182125"]]
  [1m[36m (151.4ms)[0m  [1mcommit transaction[0m
Migrating to CreateProfessoresDasDisciplinas (20160425151527)
  [1m[35m (0.1ms)[0m  begin transaction
  [1m[36m (1.5ms)[0m  [1mCREATE TABLE "professores_das_disciplinas" ("id" INTEGER PRIMARY KEY AUTOINCREMENT NOT NULL, "nome" varchar, "turma_id" integer) [0m
  [1m[35m (0.2ms)[0m  CREATE  INDEX "index_professores_das_disciplinas_on_turma_id" ON "professores_das_disciplinas" ("turma_id")
  [1m[36mSQL (0.8ms)[0m  [1mINSERT INTO "schema_migrations" ("version") VALUES (?)[0m  [["version", "20160425151527"]]
  [1m[35m (172.3ms)[0m  commit transaction
  [1m[36mActiveRecord::SchemaMigration Load (0.1ms)[0m  [1mSELECT "schema_migrations".* FROM "schema_migrations"[0m
  [1m[35m (0.1ms)[0m              SELECT sql
            FROM sqlite_master
            WHERE name='index_departamentos_on_campu_id' AND type='index'
            UNION ALL
            SELECT sql
            FROM sqlite_temp_master
            WHERE name='index_departamentos_on_campu_id' AND type='index'

  [1m[36m (0.1ms)[0m  [1m            SELECT sql
            FROM sqlite_master
            WHERE name='index_disciplinas_on_departamento_id' AND type='index'
            UNION ALL
            SELECT sql
            FROM sqlite_temp_master
            WHERE name='index_disciplinas_on_departamento_id' AND type='index'
[0m
  [1m[35m (0.1ms)[0m              SELECT sql
            FROM sqlite_master
            WHERE name='index_horarios_on_turma_id' AND type='index'
            UNION ALL
            SELECT sql
            FROM sqlite_temp_master
            WHERE name='index_horarios_on_turma_id' AND type='index'

  [1m[36m (0.2ms)[0m  [1m            SELECT sql
            FROM sqlite_master
            WHERE name='index_professores_das_disciplinas_on_turma_id' AND type='index'
            UNION ALL
            SELECT sql
            FROM sqlite_temp_master
            WHERE name='index_professores_das_disciplinas_on_turma_id' AND type='index'
[0m
  [1m[35m (0.1ms)[0m              SELECT sql
            FROM sqlite_master
            WHERE name='index_professors_on_reset_password_token' AND type='index'
            UNION ALL
            SELECT sql
            FROM sqlite_temp_master
            WHERE name='index_professors_on_reset_password_token' AND type='index'

  [1m[36m (0.1ms)[0m  [1m            SELECT sql
            FROM sqlite_master
            WHERE name='index_professors_on_email' AND type='index'
            UNION ALL
            SELECT sql
            FROM sqlite_temp_master
            WHERE name='index_professors_on_email' AND type='index'
[0m
  [1m[35m (0.1ms)[0m              SELECT sql
            FROM sqlite_master
            WHERE name='index_professors_on_turma_id' AND type='index'
            UNION ALL
            SELECT sql
            FROM sqlite_temp_master
            WHERE name='index_professors_on_turma_id' AND type='index'

  [1m[36m (0.1ms)[0m  [1m            SELECT sql
            FROM sqlite_master
            WHERE name='index_turmas_on_disciplina_id' AND type='index'
            UNION ALL
            SELECT sql
            FROM sqlite_temp_master
            WHERE name='index_turmas_on_disciplina_id' AND type='index'
[0m
DEPRECATION WARNING: [Devise] config.email_regexp will have a new default on Devise 4.1
To keep the current behavior please set in your config/initializers/devise.rb the following:

  Devise.setup do |config|
    config.email_regexp = /\A[^@\s]+@([^@\s]+\.)+[^@\W]+\z/
  end

If you want to use the new default:

  Devise.setup do |config|
    config.email_regexp = /\A[^@\s]+@[^@\s]+\z/
  end
. (called from <top (required)> at /home/lincoln/GitHub/cicmonit/projetoRails/cicmonit/config/initializers/devise.rb:3)
  [1m[36mActiveRecord::SchemaMigration Load (0.1ms)[0m  [1mSELECT "schema_migrations".* FROM "schema_migrations"[0m
Migrating to CreateCandidatos (20160512021203)
  [1m[35m (0.1ms)[0m  begin transaction
  [1m[36m (0.8ms)[0m  [1mCREATE TABLE "candidatos" ("id" INTEGER PRIMARY KEY AUTOINCREMENT NOT NULL, "mencao" varchar, "aluno_id" integer) [0m
  [1m[35m (0.1ms)[0m  select sqlite_version(*)
  [1m[36m (0.2ms)[0m  [1mCREATE  INDEX "index_candidatos_on_aluno_id" ON "candidatos" ("aluno_id")[0m
  [1m[35mSQL (0.5ms)[0m  INSERT INTO "schema_migrations" ("version") VALUES (?)  [["version", "20160512021203"]]
  [1m[36m (170.7ms)[0m  [1mcommit transaction[0m
Migrating to CreateTurmaHasCandidatos (20160512021255)
  [1m[35m (0.2ms)[0m  begin transaction
  [1m[36m (3.9ms)[0m  [1mCREATE TABLE "turma_has_candidatos" ("id" INTEGER PRIMARY KEY AUTOINCREMENT NOT NULL) [0m
  [1m[35mSQL (0.8ms)[0m  INSERT INTO "schema_migrations" ("version") VALUES (?)  [["version", "20160512021255"]]
  [1m[36m (157.4ms)[0m  [1mcommit transaction[0m
Migrating to CreateJoinTableProfessorTurma (20160512041736)
  [1m[35m (0.1ms)[0m  begin transaction
  [1m[36m (0.8ms)[0m  [1mCREATE TABLE "professors_turmas" ("professor_id" integer NOT NULL, "turma_id" integer NOT NULL) [0m
  [1m[35m (0.5ms)[0m  CREATE  INDEX "index_professors_turmas_on_professor_id" ON "professors_turmas" ("professor_id")
  [1m[36m (0.1ms)[0m  [1m            SELECT sql
            FROM sqlite_master
            WHERE name='index_professors_turmas_on_professor_id' AND type='index'
            UNION ALL
            SELECT sql
            FROM sqlite_temp_master
            WHERE name='index_professors_turmas_on_professor_id' AND type='index'
[0m
  [1m[35m (0.2ms)[0m  CREATE  INDEX "index_professors_turmas_on_turma_id" ON "professors_turmas" ("turma_id")
  [1m[36mSQL (0.5ms)[0m  [1mINSERT INTO "schema_migrations" ("version") VALUES (?)[0m  [["version", "20160512041736"]]
  [1m[35m (149.9ms)[0m  commit transaction
Migrating to CreateJoinTableCandidatoTurma (20160512041843)
  [1m[36m (0.1ms)[0m  [1mbegin transaction[0m
  [1m[35m (0.8ms)[0m  CREATE TABLE "candidatos_turmas" ("candidato_id" integer NOT NULL, "turma_id" integer NOT NULL) 
  [1m[36m (0.2ms)[0m  [1mCREATE  INDEX "index_candidatos_turmas_on_candidato_id" ON "candidatos_turmas" ("candidato_id")[0m
  [1m[35m (0.1ms)[0m              SELECT sql
            FROM sqlite_master
            WHERE name='index_candidatos_turmas_on_candidato_id' AND type='index'
            UNION ALL
            SELECT sql
            FROM sqlite_temp_master
            WHERE name='index_candidatos_turmas_on_candidato_id' AND type='index'

  [1m[36m (0.5ms)[0m  [1mCREATE  INDEX "index_candidatos_turmas_on_turma_id" ON "candidatos_turmas" ("turma_id")[0m
  [1m[35mSQL (0.4ms)[0m  INSERT INTO "schema_migrations" ("version") VALUES (?)  [["version", "20160512041843"]]
  [1m[36m (149.3ms)[0m  [1mcommit transaction[0m
  [1m[35mActiveRecord::SchemaMigration Load (0.1ms)[0m  SELECT "schema_migrations".* FROM "schema_migrations"
  [1m[36m (0.1ms)[0m  [1m            SELECT sql
            FROM sqlite_master
            WHERE name='index_candidatos_on_aluno_id' AND type='index'
            UNION ALL
            SELECT sql
            FROM sqlite_temp_master
            WHERE name='index_candidatos_on_aluno_id' AND type='index'
[0m
  [1m[35m (0.1ms)[0m              SELECT sql
            FROM sqlite_master
            WHERE name='index_candidatos_turmas_on_turma_id' AND type='index'
            UNION ALL
            SELECT sql
            FROM sqlite_temp_master
            WHERE name='index_candidatos_turmas_on_turma_id' AND type='index'

  [1m[36m (0.1ms)[0m  [1m            SELECT sql
            FROM sqlite_master
            WHERE name='index_candidatos_turmas_on_candidato_id' AND type='index'
            UNION ALL
            SELECT sql
            FROM sqlite_temp_master
            WHERE name='index_candidatos_turmas_on_candidato_id' AND type='index'
[0m
  [1m[35m (0.1ms)[0m              SELECT sql
            FROM sqlite_master
            WHERE name='index_departamentos_on_campu_id' AND type='index'
            UNION ALL
            SELECT sql
            FROM sqlite_temp_master
            WHERE name='index_departamentos_on_campu_id' AND type='index'

  [1m[36m (0.1ms)[0m  [1m            SELECT sql
            FROM sqlite_master
            WHERE name='index_disciplinas_on_departamento_id' AND type='index'
            UNION ALL
            SELECT sql
            FROM sqlite_temp_master
            WHERE name='index_disciplinas_on_departamento_id' AND type='index'
[0m
  [1m[35m (0.1ms)[0m              SELECT sql
            FROM sqlite_master
            WHERE name='index_horarios_on_turma_id' AND type='index'
            UNION ALL
            SELECT sql
            FROM sqlite_temp_master
            WHERE name='index_horarios_on_turma_id' AND type='index'

  [1m[36m (0.1ms)[0m  [1m            SELECT sql
            FROM sqlite_master
            WHERE name='index_professores_das_disciplinas_on_turma_id' AND type='index'
            UNION ALL
            SELECT sql
            FROM sqlite_temp_master
            WHERE name='index_professores_das_disciplinas_on_turma_id' AND type='index'
[0m
  [1m[35m (0.1ms)[0m              SELECT sql
            FROM sqlite_master
            WHERE name='index_professors_on_reset_password_token' AND type='index'
            UNION ALL
            SELECT sql
            FROM sqlite_temp_master
            WHERE name='index_professors_on_reset_password_token' AND type='index'

  [1m[36m (0.1ms)[0m  [1m            SELECT sql
            FROM sqlite_master
            WHERE name='index_professors_on_email' AND type='index'
            UNION ALL
            SELECT sql
            FROM sqlite_temp_master
            WHERE name='index_professors_on_email' AND type='index'
[0m
  [1m[35m (0.1ms)[0m              SELECT sql
            FROM sqlite_master
            WHERE name='index_professors_on_turma_id' AND type='index'
            UNION ALL
            SELECT sql
            FROM sqlite_temp_master
            WHERE name='index_professors_on_turma_id' AND type='index'

  [1m[36m (0.1ms)[0m  [1m            SELECT sql
            FROM sqlite_master
            WHERE name='index_professors_turmas_on_turma_id' AND type='index'
            UNION ALL
            SELECT sql
            FROM sqlite_temp_master
            WHERE name='index_professors_turmas_on_turma_id' AND type='index'
[0m
  [1m[35m (0.1ms)[0m              SELECT sql
            FROM sqlite_master
            WHERE name='index_professors_turmas_on_professor_id' AND type='index'
            UNION ALL
            SELECT sql
            FROM sqlite_temp_master
            WHERE name='index_professors_turmas_on_professor_id' AND type='index'

  [1m[36m (0.1ms)[0m  [1m            SELECT sql
            FROM sqlite_master
            WHERE name='index_turmas_on_disciplina_id' AND type='index'
            UNION ALL
            SELECT sql
            FROM sqlite_temp_master
            WHERE name='index_turmas_on_disciplina_id' AND type='index'
[0m
DEPRECATION WARNING: [Devise] config.email_regexp will have a new default on Devise 4.1
To keep the current behavior please set in your config/initializers/devise.rb the following:

  Devise.setup do |config|
    config.email_regexp = /\A[^@\s]+@([^@\s]+\.)+[^@\W]+\z/
  end

If you want to use the new default:

  Devise.setup do |config|
    config.email_regexp = /\A[^@\s]+@[^@\s]+\z/
  end
. (called from <top (required)> at /home/lincoln/GitHub/cicmonit/projetoRails/cicmonit/config/initializers/devise.rb:3)
  [1m[36m (139.9ms)[0m  [1mCREATE TABLE "schema_migrations" ("version" varchar NOT NULL) [0m
  [1m[35m (0.1ms)[0m  select sqlite_version(*)
  [1m[36m (155.6ms)[0m  [1mCREATE UNIQUE INDEX "unique_schema_migrations" ON "schema_migrations" ("version")[0m
  [1m[35mActiveRecord::SchemaMigration Load (0.2ms)[0m  SELECT "schema_migrations".* FROM "schema_migrations"
Migrating to CreateProfessors (20160409010228)
  [1m[36m (0.1ms)[0m  [1mbegin transaction[0m
  [1m[35m (0.8ms)[0m  CREATE TABLE "professors" ("id" INTEGER PRIMARY KEY AUTOINCREMENT NOT NULL, "nome" varchar, "matricula" integer) 
  [1m[36mSQL (0.4ms)[0m  [1mINSERT INTO "schema_migrations" ("version") VALUES (?)[0m  [["version", "20160409010228"]]
  [1m[35m (151.4ms)[0m  commit transaction
Migrating to AddDeviseToProfessors (20160409015547)
  [1m[36m (0.1ms)[0m  [1mbegin transaction[0m
  [1m[35m (0.7ms)[0m  ALTER TABLE "professors" ADD "email" varchar DEFAULT '' NOT NULL
  [1m[36m (0.2ms)[0m  [1mALTER TABLE "professors" ADD "encrypted_password" varchar DEFAULT '' NOT NULL[0m
  [1m[35m (0.2ms)[0m  ALTER TABLE "professors" ADD "reset_password_token" varchar
  [1m[36m (0.2ms)[0m  [1mALTER TABLE "professors" ADD "reset_password_sent_at" datetime[0m
  [1m[35m (0.2ms)[0m  ALTER TABLE "professors" ADD "remember_created_at" datetime
  [1m[36m (0.3ms)[0m  [1mALTER TABLE "professors" ADD "sign_in_count" integer DEFAULT 0 NOT NULL[0m
  [1m[35m (0.2ms)[0m  ALTER TABLE "professors" ADD "current_sign_in_at" datetime
  [1m[36m (0.2ms)[0m  [1mALTER TABLE "professors" ADD "last_sign_in_at" datetime[0m
  [1m[35m (0.2ms)[0m  ALTER TABLE "professors" ADD "current_sign_in_ip" varchar
  [1m[36m (0.2ms)[0m  [1mALTER TABLE "professors" ADD "last_sign_in_ip" varchar[0m
  [1m[35m (0.3ms)[0m  CREATE UNIQUE INDEX "index_professors_on_email" ON "professors" ("email")
  [1m[36m (0.1ms)[0m  [1m            SELECT sql
            FROM sqlite_master
            WHERE name='index_professors_on_email' AND type='index'
            UNION ALL
            SELECT sql
            FROM sqlite_temp_master
            WHERE name='index_professors_on_email' AND type='index'
[0m
  [1m[35m (0.2ms)[0m  CREATE UNIQUE INDEX "index_professors_on_reset_password_token" ON "professors" ("reset_password_token")
  [1m[36mSQL (0.4ms)[0m  [1mINSERT INTO "schema_migrations" ("version") VALUES (?)[0m  [["version", "20160409015547"]]
  [1m[35m (158.0ms)[0m  commit transaction
Migrating to CreateAlunos (20160417161628)
  [1m[36m (0.1ms)[0m  [1mbegin transaction[0m
  [1m[35m (0.8ms)[0m  CREATE TABLE "alunos" ("id" INTEGER PRIMARY KEY AUTOINCREMENT NOT NULL, "nome" varchar(225) NOT NULL, "matricula" varchar(9) NOT NULL, "semestre" integer NOT NULL, "IRA" float DEFAULT 5.0 NOT NULL) 
  [1m[36mSQL (0.4ms)[0m  [1mINSERT INTO "schema_migrations" ("version") VALUES (?)[0m  [["version", "20160417161628"]]
  [1m[35m (152.7ms)[0m  commit transaction
Migrating to CreateCampus (20160419181652)
  [1m[36m (0.1ms)[0m  [1mbegin transaction[0m
  [1m[35m (0.8ms)[0m  CREATE TABLE "campus" ("id" INTEGER PRIMARY KEY AUTOINCREMENT NOT NULL, "codigo" integer, "nome" varchar) 
  [1m[36mSQL (0.5ms)[0m  [1mINSERT INTO "schema_migrations" ("version") VALUES (?)[0m  [["version", "20160419181652"]]
  [1m[35m (152.5ms)[0m  commit transaction
Migrating to CreateDepartamentos (20160419181729)
  [1m[36m (0.1ms)[0m  [1mbegin transaction[0m
  [1m[35m (0.8ms)[0m  CREATE TABLE "departamentos" ("id" INTEGER PRIMARY KEY AUTOINCREMENT NOT NULL, "codigo" integer, "sigla" varchar, "nome" varchar, "campu_id" integer) 
  [1m[36m (0.3ms)[0m  [1mCREATE  INDEX "index_departamentos_on_campu_id" ON "departamentos" ("campu_id")[0m
  [1m[35mSQL (0.6ms)[0m  INSERT INTO "schema_migrations" ("version") VALUES (?)  [["version", "20160419181729"]]
  [1m[36m (162.2ms)[0m  [1mcommit transaction[0m
Migrating to CreateDisciplinas (20160419181907)
  [1m[35m (0.1ms)[0m  begin transaction
  [1m[36m (0.8ms)[0m  [1mCREATE TABLE "disciplinas" ("id" INTEGER PRIMARY KEY AUTOINCREMENT NOT NULL, "codigo" integer, "nome" varchar, "departamento_id" integer) [0m
  [1m[35m (0.2ms)[0m  CREATE  INDEX "index_disciplinas_on_departamento_id" ON "disciplinas" ("departamento_id")
  [1m[36mSQL (0.4ms)[0m  [1mINSERT INTO "schema_migrations" ("version") VALUES (?)[0m  [["version", "20160419181907"]]
  [1m[35m (163.7ms)[0m  commit transaction
Migrating to CreateTurmas (20160419181938)
  [1m[36m (0.2ms)[0m  [1mbegin transaction[0m
  [1m[35m (2.6ms)[0m  CREATE TABLE "turmas" ("id" INTEGER PRIMARY KEY AUTOINCREMENT NOT NULL, "nome" varchar, "disciplina_id" integer) 
  [1m[36m (0.5ms)[0m  [1mCREATE  INDEX "index_turmas_on_disciplina_id" ON "turmas" ("disciplina_id")[0m
  [1m[35mSQL (1.5ms)[0m  INSERT INTO "schema_migrations" ("version") VALUES (?)  [["version", "20160419181938"]]
  [1m[36m (177.7ms)[0m  [1mcommit transaction[0m
Migrating to CreateHorarios (20160419182125)
  [1m[35m (0.1ms)[0m  begin transaction
  [1m[36m (1.2ms)[0m  [1mCREATE TABLE "horarios" ("id" INTEGER PRIMARY KEY AUTOINCREMENT NOT NULL, "nome" varchar, "turma_id" integer) [0m
  [1m[35m (0.2ms)[0m  CREATE  INDEX "index_horarios_on_turma_id" ON "horarios" ("turma_id")
  [1m[36mSQL (0.4ms)[0m  [1mINSERT INTO "schema_migrations" ("version") VALUES (?)[0m  [["version", "20160419182125"]]
  [1m[35m (175.8ms)[0m  commit transaction
Migrating to CreateProfessoresDasDisciplinas (20160425151527)
  [1m[36m (0.1ms)[0m  [1mbegin transaction[0m
  [1m[35m (1.5ms)[0m  CREATE TABLE "professores_das_disciplinas" ("id" INTEGER PRIMARY KEY AUTOINCREMENT NOT NULL, "nome" varchar, "turma_id" integer) 
  [1m[36m (0.2ms)[0m  [1mCREATE  INDEX "index_professores_das_disciplinas_on_turma_id" ON "professores_das_disciplinas" ("turma_id")[0m
  [1m[35mSQL (0.5ms)[0m  INSERT INTO "schema_migrations" ("version") VALUES (?)  [["version", "20160425151527"]]
  [1m[36m (173.2ms)[0m  [1mcommit transaction[0m
Migrating to CreateCandidatos (20160512021203)
  [1m[35m (0.1ms)[0m  begin transaction
  [1m[36m (0.8ms)[0m  [1mCREATE TABLE "candidatos" ("id" INTEGER PRIMARY KEY AUTOINCREMENT NOT NULL, "mencao" varchar, "aluno_id" integer) [0m
  [1m[35m (0.2ms)[0m  CREATE  INDEX "index_candidatos_on_aluno_id" ON "candidatos" ("aluno_id")
  [1m[36mSQL (0.4ms)[0m  [1mINSERT INTO "schema_migrations" ("version") VALUES (?)[0m  [["version", "20160512021203"]]
  [1m[35m (185.4ms)[0m  commit transaction
Migrating to CreateTurmaHasCandidatos (20160512021255)
  [1m[36m (0.1ms)[0m  [1mbegin transaction[0m
  [1m[35m (0.9ms)[0m  CREATE TABLE "turma_has_candidatos" ("id" INTEGER PRIMARY KEY AUTOINCREMENT NOT NULL) 
  [1m[36mSQL (0.3ms)[0m  [1mINSERT INTO "schema_migrations" ("version") VALUES (?)[0m  [["version", "20160512021255"]]
  [1m[35m (163.9ms)[0m  commit transaction
Migrating to CreateJoinTableProfessorTurma (20160512041736)
  [1m[36m (0.1ms)[0m  [1mbegin transaction[0m
  [1m[35m (0.7ms)[0m  CREATE TABLE "professors_turmas" ("professor_id" integer NOT NULL, "turma_id" integer NOT NULL) 
  [1m[36m (0.5ms)[0m  [1mCREATE  INDEX "index_professors_turmas_on_professor_id" ON "professors_turmas" ("professor_id")[0m
  [1m[35m (0.1ms)[0m              SELECT sql
            FROM sqlite_master
            WHERE name='index_professors_turmas_on_professor_id' AND type='index'
            UNION ALL
            SELECT sql
            FROM sqlite_temp_master
            WHERE name='index_professors_turmas_on_professor_id' AND type='index'

  [1m[36m (0.2ms)[0m  [1mCREATE  INDEX "index_professors_turmas_on_turma_id" ON "professors_turmas" ("turma_id")[0m
  [1m[35mSQL (0.3ms)[0m  INSERT INTO "schema_migrations" ("version") VALUES (?)  [["version", "20160512041736"]]
  [1m[36m (162.3ms)[0m  [1mcommit transaction[0m
Migrating to CreateJoinTableCandidatoTurma (20160512041843)
  [1m[35m (0.1ms)[0m  begin transaction
  [1m[36m (0.7ms)[0m  [1mCREATE TABLE "candidatos_turmas" ("candidato_id" integer NOT NULL, "turma_id" integer NOT NULL) [0m
  [1m[35m (0.2ms)[0m  CREATE  INDEX "index_candidatos_turmas_on_candidato_id" ON "candidatos_turmas" ("candidato_id")
  [1m[36m (0.1ms)[0m  [1m            SELECT sql
            FROM sqlite_master
            WHERE name='index_candidatos_turmas_on_candidato_id' AND type='index'
            UNION ALL
            SELECT sql
            FROM sqlite_temp_master
            WHERE name='index_candidatos_turmas_on_candidato_id' AND type='index'
[0m
  [1m[35m (0.4ms)[0m  CREATE  INDEX "index_candidatos_turmas_on_turma_id" ON "candidatos_turmas" ("turma_id")
  [1m[36mSQL (0.5ms)[0m  [1mINSERT INTO "schema_migrations" ("version") VALUES (?)[0m  [["version", "20160512041843"]]
  [1m[35m (182.8ms)[0m  commit transaction
  [1m[36mActiveRecord::SchemaMigration Load (0.2ms)[0m  [1mSELECT "schema_migrations".* FROM "schema_migrations"[0m
  [1m[35m (0.1ms)[0m              SELECT sql
            FROM sqlite_master
            WHERE name='index_candidatos_on_aluno_id' AND type='index'
            UNION ALL
            SELECT sql
            FROM sqlite_temp_master
            WHERE name='index_candidatos_on_aluno_id' AND type='index'

  [1m[36m (0.2ms)[0m  [1m            SELECT sql
            FROM sqlite_master
            WHERE name='index_candidatos_turmas_on_turma_id' AND type='index'
            UNION ALL
            SELECT sql
            FROM sqlite_temp_master
            WHERE name='index_candidatos_turmas_on_turma_id' AND type='index'
[0m
  [1m[35m (0.1ms)[0m              SELECT sql
            FROM sqlite_master
            WHERE name='index_candidatos_turmas_on_candidato_id' AND type='index'
            UNION ALL
            SELECT sql
            FROM sqlite_temp_master
            WHERE name='index_candidatos_turmas_on_candidato_id' AND type='index'

  [1m[36m (0.1ms)[0m  [1m            SELECT sql
            FROM sqlite_master
            WHERE name='index_departamentos_on_campu_id' AND type='index'
            UNION ALL
            SELECT sql
            FROM sqlite_temp_master
            WHERE name='index_departamentos_on_campu_id' AND type='index'
[0m
  [1m[35m (0.1ms)[0m              SELECT sql
            FROM sqlite_master
            WHERE name='index_disciplinas_on_departamento_id' AND type='index'
            UNION ALL
            SELECT sql
            FROM sqlite_temp_master
            WHERE name='index_disciplinas_on_departamento_id' AND type='index'

  [1m[36m (0.1ms)[0m  [1m            SELECT sql
            FROM sqlite_master
            WHERE name='index_horarios_on_turma_id' AND type='index'
            UNION ALL
            SELECT sql
            FROM sqlite_temp_master
            WHERE name='index_horarios_on_turma_id' AND type='index'
[0m
  [1m[35m (0.1ms)[0m              SELECT sql
            FROM sqlite_master
            WHERE name='index_professores_das_disciplinas_on_turma_id' AND type='index'
            UNION ALL
            SELECT sql
            FROM sqlite_temp_master
            WHERE name='index_professores_das_disciplinas_on_turma_id' AND type='index'

  [1m[36m (0.1ms)[0m  [1m            SELECT sql
            FROM sqlite_master
            WHERE name='index_professors_on_reset_password_token' AND type='index'
            UNION ALL
            SELECT sql
            FROM sqlite_temp_master
            WHERE name='index_professors_on_reset_password_token' AND type='index'
[0m
  [1m[35m (0.1ms)[0m              SELECT sql
            FROM sqlite_master
            WHERE name='index_professors_on_email' AND type='index'
            UNION ALL
            SELECT sql
            FROM sqlite_temp_master
            WHERE name='index_professors_on_email' AND type='index'

  [1m[36m (0.1ms)[0m  [1m            SELECT sql
            FROM sqlite_master
            WHERE name='index_professors_turmas_on_turma_id' AND type='index'
            UNION ALL
            SELECT sql
            FROM sqlite_temp_master
            WHERE name='index_professors_turmas_on_turma_id' AND type='index'
[0m
  [1m[35m (0.1ms)[0m              SELECT sql
            FROM sqlite_master
            WHERE name='index_professors_turmas_on_professor_id' AND type='index'
            UNION ALL
            SELECT sql
            FROM sqlite_temp_master
            WHERE name='index_professors_turmas_on_professor_id' AND type='index'

  [1m[36m (0.1ms)[0m  [1m            SELECT sql
            FROM sqlite_master
            WHERE name='index_turmas_on_disciplina_id' AND type='index'
            UNION ALL
            SELECT sql
            FROM sqlite_temp_master
            WHERE name='index_turmas_on_disciplina_id' AND type='index'
[0m
DEPRECATION WARNING: [Devise] config.email_regexp will have a new default on Devise 4.1
To keep the current behavior please set in your config/initializers/devise.rb the following:

  Devise.setup do |config|
    config.email_regexp = /\A[^@\s]+@([^@\s]+\.)+[^@\W]+\z/
  end

If you want to use the new default:

  Devise.setup do |config|
    config.email_regexp = /\A[^@\s]+@[^@\s]+\z/
  end
. (called from <top (required)> at /home/lincoln/GitHub/cicmonit/projetoRails/cicmonit/config/initializers/devise.rb:3)


Started GET "/" for 127.0.0.1 at 2016-05-17 10:55:22 -0300
  [1m[36mActiveRecord::SchemaMigration Load (0.2ms)[0m  [1mSELECT "schema_migrations".* FROM "schema_migrations"[0m
Processing by AlunosController#index as HTML
  [1m[35mAluno Load (0.2ms)[0m  SELECT "alunos".* FROM "alunos"
  Rendered alunos/index.html.erb within layouts/application (5178.2ms)
Completed 200 OK in 5503ms (Views: 5496.8ms | ActiveRecord: 0.3ms)


Started GET "/alunos/new" for 127.0.0.1 at 2016-05-17 10:55:35 -0300
Processing by AlunosController#new as HTML
  Rendered alunos/_form.html.erb (73.2ms)
  Rendered alunos/new.html.erb within layouts/application (94.9ms)
Completed 200 OK in 254ms (Views: 233.7ms | ActiveRecord: 0.4ms)


Started GET "/alunos" for 127.0.0.1 at 2016-05-17 10:55:43 -0300
Processing by AlunosController#index as HTML
  [1m[36mAluno Load (0.2ms)[0m  [1mSELECT "alunos".* FROM "alunos"[0m
  Rendered alunos/index.html.erb within layouts/application (4.6ms)
Completed 200 OK in 133ms (Views: 131.7ms | ActiveRecord: 0.2ms)


Started GET "/disciplinas/showDepartamentos?id=1" for 127.0.0.1 at 2016-05-17 10:55:58 -0300
Processing by DisciplinasController#showDepartamentos as HTML
  Parameters: {"id"=>"1"}
  [1m[35mCampu Load (0.3ms)[0m  SELECT  "campus".* FROM "campus" WHERE "campus"."id" = ? LIMIT 1  [["id", 1]]
  [1m[36mDepartamento Load (0.2ms)[0m  [1mSELECT "departamentos".* FROM "departamentos" WHERE "departamentos"."campu_id" = ?[0m  [["campu_id", 1]]
  Rendered disciplinas/showDepartamentos.html.erb within layouts/application (32.4ms)
Completed 200 OK in 180ms (Views: 154.4ms | ActiveRecord: 1.1ms)


Started GET "/disciplinas/showDisciplinas?id=1" for 127.0.0.1 at 2016-05-17 10:56:00 -0300
Processing by DisciplinasController#showDisciplinas as HTML
  Parameters: {"id"=>"1"}
  [1m[35mDepartamento Load (0.2ms)[0m  SELECT  "departamentos".* FROM "departamentos" WHERE "departamentos"."id" = ? LIMIT 1  [["id", 1]]
  [1m[36mDisciplina Load (0.6ms)[0m  [1mSELECT "disciplinas".* FROM "disciplinas" WHERE "disciplinas"."departamento_id" = ?[0m  [["departamento_id", 1]]
  Rendered disciplinas/showDisciplinas.html.erb within layouts/application (30.7ms)
Completed 200 OK in 143ms (Views: 139.8ms | ActiveRecord: 1.3ms)


Started GET "/disciplinas/showTurmas?id=31" for 127.0.0.1 at 2016-05-17 10:56:05 -0300
Processing by DisciplinasController#showTurmas as HTML
  Parameters: {"id"=>"31"}
  [1m[35mDisciplina Load (0.3ms)[0m  SELECT  "disciplinas".* FROM "disciplinas" WHERE "disciplinas"."id" = ? LIMIT 1  [["id", 31]]
  [1m[36mTurma Load (0.2ms)[0m  [1mSELECT "turmas".* FROM "turmas" WHERE "turmas"."disciplina_id" = ?[0m  [["disciplina_id", 31]]
  [1m[35mHorario Load (0.3ms)[0m  SELECT "horarios".* FROM "horarios" WHERE "horarios"."turma_id" = ?  [["turma_id", 196]]
  Rendered disciplinas/showTurmas.html.erb within layouts/application (112.9ms)
Completed 500 Internal Server Error in 119ms (ActiveRecord: 1.8ms)

ActionView::Template::Error (undefined method `professores_das_disciplinas' for #<Turma id: 196, nome: "A", disciplina_id: 31>):
    34: 	</tr>
    35: 	<% professor = turma.professores_das_disciplinas%>
    36: 	<% professor.each do|professor| %>
    37: 	<% if professor.id % 2 == 0 %>
    38: 		<tr bgcolor="E7F3D6" >
    39: 	<% else %>
    40: 		<tr bgcolor="FFF7F7" >
  app/views/disciplinas/showTurmas.html.erb:37:in `block in _app_views_disciplinas_show_urmas_html_erb__1865757039167312428_70340482055720'
  app/views/disciplinas/showTurmas.html.erb:3:in `_app_views_disciplinas_show_urmas_html_erb__1865757039167312428_70340482055720'


  Rendered /home/lincoln/.rvm/gems/ruby-2.3.0/gems/actionpack-4.2.6/lib/action_dispatch/middleware/templates/rescues/_source.erb (8.6ms)
  Rendered /home/lincoln/.rvm/gems/ruby-2.3.0/gems/actionpack-4.2.6/lib/action_dispatch/middleware/templates/rescues/_trace.html.erb (3.6ms)
  Rendered /home/lincoln/.rvm/gems/ruby-2.3.0/gems/actionpack-4.2.6/lib/action_dispatch/middleware/templates/rescues/_request_and_response.html.erb (1.2ms)
  Rendered /home/lincoln/.rvm/gems/ruby-2.3.0/gems/actionpack-4.2.6/lib/action_dispatch/middleware/templates/rescues/template_error.html.erb within rescues/layout (55.9ms)
  Rendered /home/lincoln/.rvm/gems/ruby-2.3.0/gems/web-console-2.3.0/lib/web_console/templates/_markup.html.erb (0.4ms)
  Rendered /home/lincoln/.rvm/gems/ruby-2.3.0/gems/web-console-2.3.0/lib/web_console/templates/_inner_console_markup.html.erb within layouts/inlined_string (0.3ms)
  Rendered /home/lincoln/.rvm/gems/ruby-2.3.0/gems/web-console-2.3.0/lib/web_console/templates/_prompt_box_markup.html.erb within layouts/inlined_string (0.4ms)
  Rendered /home/lincoln/.rvm/gems/ruby-2.3.0/gems/web-console-2.3.0/lib/web_console/templates/style.css.erb within layouts/inlined_string (0.4ms)
  Rendered /home/lincoln/.rvm/gems/ruby-2.3.0/gems/web-console-2.3.0/lib/web_console/templates/console.js.erb within layouts/javascript (37.7ms)
  Rendered /home/lincoln/.rvm/gems/ruby-2.3.0/gems/web-console-2.3.0/lib/web_console/templates/main.js.erb within layouts/javascript (0.3ms)
  Rendered /home/lincoln/.rvm/gems/ruby-2.3.0/gems/web-console-2.3.0/lib/web_console/templates/error_page.js.erb within layouts/javascript (0.4ms)
  Rendered /home/lincoln/.rvm/gems/ruby-2.3.0/gems/web-console-2.3.0/lib/web_console/templates/index.html.erb (83.9ms)


Started GET "/disciplinas/showTurmas?id=31" for 127.0.0.1 at 2016-05-17 10:56:06 -0300
Processing by DisciplinasController#showTurmas as HTML
  Parameters: {"id"=>"31"}
  [1m[36mDisciplina Load (0.2ms)[0m  [1mSELECT  "disciplinas".* FROM "disciplinas" WHERE "disciplinas"."id" = ? LIMIT 1[0m  [["id", 31]]
  [1m[35mTurma Load (0.1ms)[0m  SELECT "turmas".* FROM "turmas" WHERE "turmas"."disciplina_id" = ?  [["disciplina_id", 31]]
  [1m[36mHorario Load (0.1ms)[0m  [1mSELECT "horarios".* FROM "horarios" WHERE "horarios"."turma_id" = ?[0m  [["turma_id", 196]]
  Rendered disciplinas/showTurmas.html.erb within layouts/application (28.1ms)
Completed 500 Internal Server Error in 33ms (ActiveRecord: 0.5ms)

ActionView::Template::Error (undefined method `professores_das_disciplinas' for #<Turma id: 196, nome: "A", disciplina_id: 31>):
    34: 	</tr>
    35: 	<% professor = turma.professores_das_disciplinas%>
    36: 	<% professor.each do|professor| %>
    37: 	<% if professor.id % 2 == 0 %>
    38: 		<tr bgcolor="E7F3D6" >
    39: 	<% else %>
    40: 		<tr bgcolor="FFF7F7" >
  app/views/disciplinas/showTurmas.html.erb:37:in `block in _app_views_disciplinas_show_urmas_html_erb__1865757039167312428_70340482191040'
  app/views/disciplinas/showTurmas.html.erb:3:in `_app_views_disciplinas_show_urmas_html_erb__1865757039167312428_70340482191040'


  Rendered /home/lincoln/.rvm/gems/ruby-2.3.0/gems/actionpack-4.2.6/lib/action_dispatch/middleware/templates/rescues/_source.erb (8.6ms)
  Rendered /home/lincoln/.rvm/gems/ruby-2.3.0/gems/actionpack-4.2.6/lib/action_dispatch/middleware/templates/rescues/_trace.html.erb (3.5ms)
  Rendered /home/lincoln/.rvm/gems/ruby-2.3.0/gems/actionpack-4.2.6/lib/action_dispatch/middleware/templates/rescues/_request_and_response.html.erb (1.0ms)
  Rendered /home/lincoln/.rvm/gems/ruby-2.3.0/gems/actionpack-4.2.6/lib/action_dispatch/middleware/templates/rescues/template_error.html.erb within rescues/layout (31.8ms)
  Rendered /home/lincoln/.rvm/gems/ruby-2.3.0/gems/web-console-2.3.0/lib/web_console/templates/_markup.html.erb (0.4ms)
  Rendered /home/lincoln/.rvm/gems/ruby-2.3.0/gems/web-console-2.3.0/lib/web_console/templates/_inner_console_markup.html.erb within layouts/inlined_string (0.3ms)
  Rendered /home/lincoln/.rvm/gems/ruby-2.3.0/gems/web-console-2.3.0/lib/web_console/templates/_prompt_box_markup.html.erb within layouts/inlined_string (0.3ms)
  Rendered /home/lincoln/.rvm/gems/ruby-2.3.0/gems/web-console-2.3.0/lib/web_console/templates/style.css.erb within layouts/inlined_string (0.4ms)
  Rendered /home/lincoln/.rvm/gems/ruby-2.3.0/gems/web-console-2.3.0/lib/web_console/templates/console.js.erb within layouts/javascript (21.4ms)
  Rendered /home/lincoln/.rvm/gems/ruby-2.3.0/gems/web-console-2.3.0/lib/web_console/templates/main.js.erb within layouts/javascript (0.3ms)
  Rendered /home/lincoln/.rvm/gems/ruby-2.3.0/gems/web-console-2.3.0/lib/web_console/templates/error_page.js.erb within layouts/javascript (0.4ms)
  Rendered /home/lincoln/.rvm/gems/ruby-2.3.0/gems/web-console-2.3.0/lib/web_console/templates/index.html.erb (43.3ms)


Started GET "/disciplinas/showDisciplinas?id=1" for 127.0.0.1 at 2016-05-17 10:56:28 -0300
Processing by DisciplinasController#showDisciplinas as HTML
  Parameters: {"id"=>"1"}
  [1m[35mDepartamento Load (0.2ms)[0m  SELECT  "departamentos".* FROM "departamentos" WHERE "departamentos"."id" = ? LIMIT 1  [["id", 1]]
  [1m[36mDisciplina Load (0.5ms)[0m  [1mSELECT "disciplinas".* FROM "disciplinas" WHERE "disciplinas"."departamento_id" = ?[0m  [["departamento_id", 1]]
  Rendered disciplinas/showDisciplinas.html.erb within layouts/application (33.9ms)
Completed 200 OK in 168ms (Views: 165.2ms | ActiveRecord: 0.6ms)


Started GET "/disciplinas/showTurmas?id=34" for 127.0.0.1 at 2016-05-17 10:56:34 -0300
Processing by DisciplinasController#showTurmas as HTML
  Parameters: {"id"=>"34"}
  [1m[35mDisciplina Load (0.1ms)[0m  SELECT  "disciplinas".* FROM "disciplinas" WHERE "disciplinas"."id" = ? LIMIT 1  [["id", 34]]
  [1m[36mTurma Load (0.2ms)[0m  [1mSELECT "turmas".* FROM "turmas" WHERE "turmas"."disciplina_id" = ?[0m  [["disciplina_id", 34]]
  [1m[35mHorario Load (0.1ms)[0m  SELECT "horarios".* FROM "horarios" WHERE "horarios"."turma_id" = ?  [["turma_id", 201]]
  Rendered disciplinas/showTurmas.html.erb within layouts/application (31.3ms)
Completed 500 Internal Server Error in 36ms (ActiveRecord: 0.4ms)

ActionView::Template::Error (undefined method `professores_das_disciplinas' for #<Turma id: 201, nome: "A", disciplina_id: 34>):
    34: 	</tr>
    35: 	<% professor = turma.professores_das_disciplinas%>
    36: 	<% professor.each do|professor| %>
    37: 	<% if professor.id % 2 == 0 %>
    38: 		<tr bgcolor="E7F3D6" >
    39: 	<% else %>
    40: 		<tr bgcolor="FFF7F7" >
  app/views/disciplinas/showTurmas.html.erb:37:in `block in _app_views_disciplinas_show_urmas_html_erb__1865757039167312428_70340482055720'
  app/views/disciplinas/showTurmas.html.erb:3:in `_app_views_disciplinas_show_urmas_html_erb__1865757039167312428_70340482055720'


  Rendered /home/lincoln/.rvm/gems/ruby-2.3.0/gems/actionpack-4.2.6/lib/action_dispatch/middleware/templates/rescues/_source.erb (9.7ms)
  Rendered /home/lincoln/.rvm/gems/ruby-2.3.0/gems/actionpack-4.2.6/lib/action_dispatch/middleware/templates/rescues/_trace.html.erb (4.1ms)
  Rendered /home/lincoln/.rvm/gems/ruby-2.3.0/gems/actionpack-4.2.6/lib/action_dispatch/middleware/templates/rescues/_request_and_response.html.erb (1.2ms)
  Rendered /home/lincoln/.rvm/gems/ruby-2.3.0/gems/actionpack-4.2.6/lib/action_dispatch/middleware/templates/rescues/template_error.html.erb within rescues/layout (33.6ms)
  Rendered /home/lincoln/.rvm/gems/ruby-2.3.0/gems/web-console-2.3.0/lib/web_console/templates/_markup.html.erb (0.5ms)
  Rendered /home/lincoln/.rvm/gems/ruby-2.3.0/gems/web-console-2.3.0/lib/web_console/templates/_inner_console_markup.html.erb within layouts/inlined_string (0.3ms)
  Rendered /home/lincoln/.rvm/gems/ruby-2.3.0/gems/web-console-2.3.0/lib/web_console/templates/_prompt_box_markup.html.erb within layouts/inlined_string (0.3ms)
  Rendered /home/lincoln/.rvm/gems/ruby-2.3.0/gems/web-console-2.3.0/lib/web_console/templates/style.css.erb within layouts/inlined_string (0.5ms)
  Rendered /home/lincoln/.rvm/gems/ruby-2.3.0/gems/web-console-2.3.0/lib/web_console/templates/console.js.erb within layouts/javascript (21.5ms)
  Rendered /home/lincoln/.rvm/gems/ruby-2.3.0/gems/web-console-2.3.0/lib/web_console/templates/main.js.erb within layouts/javascript (0.4ms)
  Rendered /home/lincoln/.rvm/gems/ruby-2.3.0/gems/web-console-2.3.0/lib/web_console/templates/error_page.js.erb within layouts/javascript (0.5ms)
  Rendered /home/lincoln/.rvm/gems/ruby-2.3.0/gems/web-console-2.3.0/lib/web_console/templates/index.html.erb (43.5ms)


Started GET "/disciplinas/showTurmas?id=34" for 127.0.0.1 at 2016-05-17 10:56:34 -0300
Processing by DisciplinasController#showTurmas as HTML
  Parameters: {"id"=>"34"}
  [1m[36mDisciplina Load (0.1ms)[0m  [1mSELECT  "disciplinas".* FROM "disciplinas" WHERE "disciplinas"."id" = ? LIMIT 1[0m  [["id", 34]]
  [1m[35mTurma Load (0.1ms)[0m  SELECT "turmas".* FROM "turmas" WHERE "turmas"."disciplina_id" = ?  [["disciplina_id", 34]]
  [1m[36mHorario Load (0.1ms)[0m  [1mSELECT "horarios".* FROM "horarios" WHERE "horarios"."turma_id" = ?[0m  [["turma_id", 201]]
  Rendered disciplinas/showTurmas.html.erb within layouts/application (28.0ms)
Completed 500 Internal Server Error in 32ms (ActiveRecord: 0.4ms)

ActionView::Template::Error (undefined method `professores_das_disciplinas' for #<Turma id: 201, nome: "A", disciplina_id: 34>):
    34: 	</tr>
    35: 	<% professor = turma.professores_das_disciplinas%>
    36: 	<% professor.each do|professor| %>
    37: 	<% if professor.id % 2 == 0 %>
    38: 		<tr bgcolor="E7F3D6" >
    39: 	<% else %>
    40: 		<tr bgcolor="FFF7F7" >
  app/views/disciplinas/showTurmas.html.erb:37:in `block in _app_views_disciplinas_show_urmas_html_erb__1865757039167312428_70340482191040'
  app/views/disciplinas/showTurmas.html.erb:3:in `_app_views_disciplinas_show_urmas_html_erb__1865757039167312428_70340482191040'


  Rendered /home/lincoln/.rvm/gems/ruby-2.3.0/gems/actionpack-4.2.6/lib/action_dispatch/middleware/templates/rescues/_source.erb (9.8ms)
  Rendered /home/lincoln/.rvm/gems/ruby-2.3.0/gems/actionpack-4.2.6/lib/action_dispatch/middleware/templates/rescues/_trace.html.erb (4.3ms)
  Rendered /home/lincoln/.rvm/gems/ruby-2.3.0/gems/actionpack-4.2.6/lib/action_dispatch/middleware/templates/rescues/_request_and_response.html.erb (1.3ms)
  Rendered /home/lincoln/.rvm/gems/ruby-2.3.0/gems/actionpack-4.2.6/lib/action_dispatch/middleware/templates/rescues/template_error.html.erb within rescues/layout (34.9ms)
  Rendered /home/lincoln/.rvm/gems/ruby-2.3.0/gems/web-console-2.3.0/lib/web_console/templates/_markup.html.erb (0.4ms)
  Rendered /home/lincoln/.rvm/gems/ruby-2.3.0/gems/web-console-2.3.0/lib/web_console/templates/_inner_console_markup.html.erb within layouts/inlined_string (0.4ms)
  Rendered /home/lincoln/.rvm/gems/ruby-2.3.0/gems/web-console-2.3.0/lib/web_console/templates/_prompt_box_markup.html.erb within layouts/inlined_string (0.4ms)
  Rendered /home/lincoln/.rvm/gems/ruby-2.3.0/gems/web-console-2.3.0/lib/web_console/templates/style.css.erb within layouts/inlined_string (0.5ms)
  Rendered /home/lincoln/.rvm/gems/ruby-2.3.0/gems/web-console-2.3.0/lib/web_console/templates/console.js.erb within layouts/javascript (21.8ms)
  Rendered /home/lincoln/.rvm/gems/ruby-2.3.0/gems/web-console-2.3.0/lib/web_console/templates/main.js.erb within layouts/javascript (0.4ms)
  Rendered /home/lincoln/.rvm/gems/ruby-2.3.0/gems/web-console-2.3.0/lib/web_console/templates/error_page.js.erb within layouts/javascript (0.6ms)
  Rendered /home/lincoln/.rvm/gems/ruby-2.3.0/gems/web-console-2.3.0/lib/web_console/templates/index.html.erb (44.1ms)


Started GET "/disciplinas/showDisciplinas?id=1" for 127.0.0.1 at 2016-05-17 10:56:57 -0300
Processing by DisciplinasController#showDisciplinas as HTML
  Parameters: {"id"=>"1"}
  [1m[35mDepartamento Load (0.2ms)[0m  SELECT  "departamentos".* FROM "departamentos" WHERE "departamentos"."id" = ? LIMIT 1  [["id", 1]]
  [1m[36mDisciplina Load (0.4ms)[0m  [1mSELECT "disciplinas".* FROM "disciplinas" WHERE "disciplinas"."departamento_id" = ?[0m  [["departamento_id", 1]]
  Rendered disciplinas/showDisciplinas.html.erb within layouts/application (21.5ms)
Completed 200 OK in 138ms (Views: 132.9ms | ActiveRecord: 0.6ms)


Started GET "/disciplinas/showDepartamentos?id=1" for 127.0.0.1 at 2016-05-17 10:57:02 -0300
Processing by DisciplinasController#showDepartamentos as HTML
  Parameters: {"id"=>"1"}
  [1m[35mCampu Load (0.2ms)[0m  SELECT  "campus".* FROM "campus" WHERE "campus"."id" = ? LIMIT 1  [["id", 1]]
  [1m[36mDepartamento Load (0.1ms)[0m  [1mSELECT "departamentos".* FROM "departamentos" WHERE "departamentos"."campu_id" = ?[0m  [["campu_id", 1]]
  Rendered disciplinas/showDepartamentos.html.erb within layouts/application (2.8ms)
Completed 200 OK in 121ms (Views: 118.1ms | ActiveRecord: 0.3ms)


Started GET "/disciplinas/showDisciplinas?id=1" for 127.0.0.1 at 2016-05-17 10:57:08 -0300
Processing by DisciplinasController#showDisciplinas as HTML
  Parameters: {"id"=>"1"}
  [1m[35mDepartamento Load (0.2ms)[0m  SELECT  "departamentos".* FROM "departamentos" WHERE "departamentos"."id" = ? LIMIT 1  [["id", 1]]
  [1m[36mDisciplina Load (0.4ms)[0m  [1mSELECT "disciplinas".* FROM "disciplinas" WHERE "disciplinas"."departamento_id" = ?[0m  [["departamento_id", 1]]
  Rendered disciplinas/showDisciplinas.html.erb within layouts/application (17.4ms)
Completed 200 OK in 126ms (Views: 124.4ms | ActiveRecord: 0.6ms)


Started GET "/disciplinas/showTurmas?id=4" for 127.0.0.1 at 2016-05-17 10:59:08 -0300
Processing by DisciplinasController#showTurmas as HTML
  Parameters: {"id"=>"4"}
  [1m[35mDisciplina Load (0.1ms)[0m  SELECT  "disciplinas".* FROM "disciplinas" WHERE "disciplinas"."id" = ? LIMIT 1  [["id", 4]]
  [1m[36mTurma Load (0.2ms)[0m  [1mSELECT "turmas".* FROM "turmas" WHERE "turmas"."disciplina_id" = ?[0m  [["disciplina_id", 4]]
  [1m[35mHorario Load (0.3ms)[0m  SELECT "horarios".* FROM "horarios" WHERE "horarios"."turma_id" = ?  [["turma_id", 11]]
  [1m[36mProfessor Load (0.3ms)[0m  [1mSELECT "professors".* FROM "professors" INNER JOIN "professors_turmas" ON "professors"."id" = "professors_turmas"."professor_id" WHERE "professors_turmas"."turma_id" = ?[0m  [["turma_id", 11]]
  [1m[35mHorario Load (0.1ms)[0m  SELECT "horarios".* FROM "horarios" WHERE "horarios"."turma_id" = ?  [["turma_id", 12]]
  [1m[36mProfessor Load (0.1ms)[0m  [1mSELECT "professors".* FROM "professors" INNER JOIN "professors_turmas" ON "professors"."id" = "professors_turmas"."professor_id" WHERE "professors_turmas"."turma_id" = ?[0m  [["turma_id", 12]]
  Rendered disciplinas/showTurmas.html.erb within layouts/application (88.2ms)
Completed 200 OK in 194ms (Views: 190.3ms | ActiveRecord: 1.7ms)
DEPRECATION WARNING: [Devise] config.email_regexp will have a new default on Devise 4.1
To keep the current behavior please set in your config/initializers/devise.rb the following:

  Devise.setup do |config|
    config.email_regexp = /\A[^@\s]+@([^@\s]+\.)+[^@\W]+\z/
  end

If you want to use the new default:

  Devise.setup do |config|
    config.email_regexp = /\A[^@\s]+@[^@\s]+\z/
  end
. (called from <top (required)> at /home/lincoln/GitHub/cicmonit/projetoRails/cicmonit/config/initializers/devise.rb:3)


Started GET "/disciplinas/showDepartamentos?id=1" for 127.0.0.1 at 2016-05-17 11:04:17 -0300
  [1m[36mActiveRecord::SchemaMigration Load (0.2ms)[0m  [1mSELECT "schema_migrations".* FROM "schema_migrations"[0m
Processing by DisciplinasController#showDepartamentos as HTML
  Parameters: {"id"=>"1"}
  [1m[35mCampu Load (0.2ms)[0m  SELECT  "campus".* FROM "campus" WHERE "campus"."id" = ? LIMIT 1  [["id", 1]]
  [1m[36mDepartamento Load (0.2ms)[0m  [1mSELECT "departamentos".* FROM "departamentos" WHERE "departamentos"."campu_id" = ?[0m  [["campu_id", 1]]
  Rendered disciplinas/showDepartamentos.html.erb within layouts/application (34.7ms)
Completed 200 OK in 698ms (Views: 666.3ms | ActiveRecord: 1.3ms)


Started GET "/disciplinas/showDisciplinas?id=1" for 127.0.0.1 at 2016-05-17 11:04:19 -0300
Processing by DisciplinasController#showDisciplinas as HTML
  Parameters: {"id"=>"1"}
  [1m[35mDepartamento Load (0.2ms)[0m  SELECT  "departamentos".* FROM "departamentos" WHERE "departamentos"."id" = ? LIMIT 1  [["id", 1]]
  [1m[36mDisciplina Load (0.5ms)[0m  [1mSELECT "disciplinas".* FROM "disciplinas" WHERE "disciplinas"."departamento_id" = ?[0m  [["departamento_id", 1]]
  Rendered disciplinas/showDisciplinas.html.erb within layouts/application (38.5ms)
Completed 200 OK in 138ms (Views: 134.6ms | ActiveRecord: 1.2ms)


Started GET "/disciplinas/showTurmas?id=1" for 127.0.0.1 at 2016-05-17 11:04:22 -0300
Processing by DisciplinasController#showTurmas as HTML
  Parameters: {"id"=>"1"}
  [1m[35mDisciplina Load (0.3ms)[0m  SELECT  "disciplinas".* FROM "disciplinas" WHERE "disciplinas"."id" = ? LIMIT 1  [["id", 1]]
  [1m[36mTurma Load (0.2ms)[0m  [1mSELECT "turmas".* FROM "turmas" WHERE "turmas"."disciplina_id" = ?[0m  [["disciplina_id", 1]]
  [1m[35mHorario Load (0.2ms)[0m  SELECT "horarios".* FROM "horarios" WHERE "horarios"."turma_id" = ?  [["turma_id", 1]]
  Rendered disciplinas/showTurmas.html.erb within layouts/application (57.2ms)
Completed 500 Internal Server Error in 62ms (ActiveRecord: 1.3ms)

ActionView::Template::Error (undefined method `professores_das_disciplinas' for #<Turma id: 1, nome: "A", disciplina_id: 1>):
    34: 	</tr>
    35: 	<% professor = turma.professores_das_disciplinas%>
    36: 	<% professor.each do|professor| %>
    37: 	<% if professor.id % 2 == 0 %>
    38: 		<tr bgcolor="E7F3D6" >
    39: 	<% else %>
    40: 		<tr bgcolor="FFF7F7" >
  app/views/disciplinas/showTurmas.html.erb:37:in `block in _app_views_disciplinas_show_urmas_html_erb___2320771146810275194_70017720490480'
  app/views/disciplinas/showTurmas.html.erb:3:in `_app_views_disciplinas_show_urmas_html_erb___2320771146810275194_70017720490480'


  Rendered /home/lincoln/.rvm/gems/ruby-2.3.0/gems/actionpack-4.2.6/lib/action_dispatch/middleware/templates/rescues/_source.erb (10.0ms)
  Rendered /home/lincoln/.rvm/gems/ruby-2.3.0/gems/actionpack-4.2.6/lib/action_dispatch/middleware/templates/rescues/_trace.html.erb (4.2ms)
  Rendered /home/lincoln/.rvm/gems/ruby-2.3.0/gems/actionpack-4.2.6/lib/action_dispatch/middleware/templates/rescues/_request_and_response.html.erb (1.3ms)
  Rendered /home/lincoln/.rvm/gems/ruby-2.3.0/gems/actionpack-4.2.6/lib/action_dispatch/middleware/templates/rescues/template_error.html.erb within rescues/layout (34.2ms)
  Rendered /home/lincoln/.rvm/gems/ruby-2.3.0/gems/web-console-2.3.0/lib/web_console/templates/_markup.html.erb (0.5ms)
  Rendered /home/lincoln/.rvm/gems/ruby-2.3.0/gems/web-console-2.3.0/lib/web_console/templates/_inner_console_markup.html.erb within layouts/inlined_string (0.3ms)
  Rendered /home/lincoln/.rvm/gems/ruby-2.3.0/gems/web-console-2.3.0/lib/web_console/templates/_prompt_box_markup.html.erb within layouts/inlined_string (0.3ms)
  Rendered /home/lincoln/.rvm/gems/ruby-2.3.0/gems/web-console-2.3.0/lib/web_console/templates/style.css.erb within layouts/inlined_string (0.4ms)
  Rendered /home/lincoln/.rvm/gems/ruby-2.3.0/gems/web-console-2.3.0/lib/web_console/templates/console.js.erb within layouts/javascript (30.1ms)
  Rendered /home/lincoln/.rvm/gems/ruby-2.3.0/gems/web-console-2.3.0/lib/web_console/templates/main.js.erb within layouts/javascript (0.3ms)
  Rendered /home/lincoln/.rvm/gems/ruby-2.3.0/gems/web-console-2.3.0/lib/web_console/templates/error_page.js.erb within layouts/javascript (0.5ms)
  Rendered /home/lincoln/.rvm/gems/ruby-2.3.0/gems/web-console-2.3.0/lib/web_console/templates/index.html.erb (54.8ms)


Started GET "/disciplinas/showTurmas?id=1" for 127.0.0.1 at 2016-05-17 11:04:22 -0300
Processing by DisciplinasController#showTurmas as HTML
  Parameters: {"id"=>"1"}
  [1m[36mDisciplina Load (0.2ms)[0m  [1mSELECT  "disciplinas".* FROM "disciplinas" WHERE "disciplinas"."id" = ? LIMIT 1[0m  [["id", 1]]
  [1m[35mTurma Load (0.2ms)[0m  SELECT "turmas".* FROM "turmas" WHERE "turmas"."disciplina_id" = ?  [["disciplina_id", 1]]
  [1m[36mHorario Load (0.1ms)[0m  [1mSELECT "horarios".* FROM "horarios" WHERE "horarios"."turma_id" = ?[0m  [["turma_id", 1]]
  Rendered disciplinas/showTurmas.html.erb within layouts/application (29.7ms)
Completed 500 Internal Server Error in 34ms (ActiveRecord: 0.5ms)

ActionView::Template::Error (undefined method `professores_das_disciplinas' for #<Turma id: 1, nome: "A", disciplina_id: 1>):
    34: 	</tr>
    35: 	<% professor = turma.professores_das_disciplinas%>
    36: 	<% professor.each do|professor| %>
    37: 	<% if professor.id % 2 == 0 %>
    38: 		<tr bgcolor="E7F3D6" >
    39: 	<% else %>
    40: 		<tr bgcolor="FFF7F7" >
  app/views/disciplinas/showTurmas.html.erb:37:in `block in _app_views_disciplinas_show_urmas_html_erb___2320771146810275194_70017717661100'
  app/views/disciplinas/showTurmas.html.erb:3:in `_app_views_disciplinas_show_urmas_html_erb___2320771146810275194_70017717661100'


  Rendered /home/lincoln/.rvm/gems/ruby-2.3.0/gems/actionpack-4.2.6/lib/action_dispatch/middleware/templates/rescues/_source.erb (18.2ms)
  Rendered /home/lincoln/.rvm/gems/ruby-2.3.0/gems/actionpack-4.2.6/lib/action_dispatch/middleware/templates/rescues/_trace.html.erb (3.8ms)
  Rendered /home/lincoln/.rvm/gems/ruby-2.3.0/gems/actionpack-4.2.6/lib/action_dispatch/middleware/templates/rescues/_request_and_response.html.erb (1.2ms)
  Rendered /home/lincoln/.rvm/gems/ruby-2.3.0/gems/actionpack-4.2.6/lib/action_dispatch/middleware/templates/rescues/template_error.html.erb within rescues/layout (41.8ms)
  Rendered /home/lincoln/.rvm/gems/ruby-2.3.0/gems/web-console-2.3.0/lib/web_console/templates/_markup.html.erb (0.5ms)
  Rendered /home/lincoln/.rvm/gems/ruby-2.3.0/gems/web-console-2.3.0/lib/web_console/templates/_inner_console_markup.html.erb within layouts/inlined_string (0.3ms)
  Rendered /home/lincoln/.rvm/gems/ruby-2.3.0/gems/web-console-2.3.0/lib/web_console/templates/_prompt_box_markup.html.erb within layouts/inlined_string (0.3ms)
  Rendered /home/lincoln/.rvm/gems/ruby-2.3.0/gems/web-console-2.3.0/lib/web_console/templates/style.css.erb within layouts/inlined_string (0.4ms)
  Rendered /home/lincoln/.rvm/gems/ruby-2.3.0/gems/web-console-2.3.0/lib/web_console/templates/console.js.erb within layouts/javascript (21.6ms)
  Rendered /home/lincoln/.rvm/gems/ruby-2.3.0/gems/web-console-2.3.0/lib/web_console/templates/main.js.erb within layouts/javascript (0.4ms)
  Rendered /home/lincoln/.rvm/gems/ruby-2.3.0/gems/web-console-2.3.0/lib/web_console/templates/error_page.js.erb within layouts/javascript (0.4ms)
  Rendered /home/lincoln/.rvm/gems/ruby-2.3.0/gems/web-console-2.3.0/lib/web_console/templates/index.html.erb (43.9ms)


Started GET "/disciplinas/showTurmas?id=1" for 127.0.0.1 at 2016-05-17 11:06:32 -0300
Processing by DisciplinasController#showTurmas as HTML
  Parameters: {"id"=>"1"}
  [1m[35mDisciplina Load (0.3ms)[0m  SELECT  "disciplinas".* FROM "disciplinas" WHERE "disciplinas"."id" = ? LIMIT 1  [["id", 1]]
  [1m[36mTurma Load (0.3ms)[0m  [1mSELECT "turmas".* FROM "turmas" WHERE "turmas"."disciplina_id" = ?[0m  [["disciplina_id", 1]]
  [1m[35mHorario Load (0.2ms)[0m  SELECT "horarios".* FROM "horarios" WHERE "horarios"."turma_id" = ?  [["turma_id", 1]]
  [1m[36mProfessoresDasDisciplina Load (0.2ms)[0m  [1mSELECT "professores_das_disciplinas".* FROM "professores_das_disciplinas" WHERE "professores_das_disciplinas"."turma_id" = ?[0m  [["turma_id", 1]]
  [1m[35mHorario Load (0.1ms)[0m  SELECT "horarios".* FROM "horarios" WHERE "horarios"."turma_id" = ?  [["turma_id", 2]]
  [1m[36mProfessoresDasDisciplina Load (0.1ms)[0m  [1mSELECT "professores_das_disciplinas".* FROM "professores_das_disciplinas" WHERE "professores_das_disciplinas"."turma_id" = ?[0m  [["turma_id", 2]]
  [1m[35mHorario Load (0.1ms)[0m  SELECT "horarios".* FROM "horarios" WHERE "horarios"."turma_id" = ?  [["turma_id", 3]]
  [1m[36mProfessoresDasDisciplina Load (0.1ms)[0m  [1mSELECT "professores_das_disciplinas".* FROM "professores_das_disciplinas" WHERE "professores_das_disciplinas"."turma_id" = ?[0m  [["turma_id", 3]]
  [1m[35mHorario Load (0.1ms)[0m  SELECT "horarios".* FROM "horarios" WHERE "horarios"."turma_id" = ?  [["turma_id", 4]]
  [1m[36mProfessoresDasDisciplina Load (0.1ms)[0m  [1mSELECT "professores_das_disciplinas".* FROM "professores_das_disciplinas" WHERE "professores_das_disciplinas"."turma_id" = ?[0m  [["turma_id", 4]]
  [1m[35mHorario Load (0.1ms)[0m  SELECT "horarios".* FROM "horarios" WHERE "horarios"."turma_id" = ?  [["turma_id", 5]]
  [1m[36mProfessoresDasDisciplina Load (0.1ms)[0m  [1mSELECT "professores_das_disciplinas".* FROM "professores_das_disciplinas" WHERE "professores_das_disciplinas"."turma_id" = ?[0m  [["turma_id", 5]]
  [1m[35mHorario Load (0.1ms)[0m  SELECT "horarios".* FROM "horarios" WHERE "horarios"."turma_id" = ?  [["turma_id", 6]]
  [1m[36mProfessoresDasDisciplina Load (0.1ms)[0m  [1mSELECT "professores_das_disciplinas".* FROM "professores_das_disciplinas" WHERE "professores_das_disciplinas"."turma_id" = ?[0m  [["turma_id", 6]]
  [1m[35mHorario Load (0.1ms)[0m  SELECT "horarios".* FROM "horarios" WHERE "horarios"."turma_id" = ?  [["turma_id", 7]]
  [1m[36mProfessoresDasDisciplina Load (0.1ms)[0m  [1mSELECT "professores_das_disciplinas".* FROM "professores_das_disciplinas" WHERE "professores_das_disciplinas"."turma_id" = ?[0m  [["turma_id", 7]]
  [1m[35mHorario Load (0.1ms)[0m  SELECT "horarios".* FROM "horarios" WHERE "horarios"."turma_id" = ?  [["turma_id", 8]]
  [1m[36mProfessoresDasDisciplina Load (0.1ms)[0m  [1mSELECT "professores_das_disciplinas".* FROM "professores_das_disciplinas" WHERE "professores_das_disciplinas"."turma_id" = ?[0m  [["turma_id", 8]]
  Rendered disciplinas/showTurmas.html.erb within layouts/application (51.3ms)
Completed 200 OK in 175ms (Views: 160.2ms | ActiveRecord: 4.4ms)


Started GET "/assets/application.self-f1c48a6d534637927fad8d3a65dce4f4ba96b80b65ffd7eadd6546c70351498e.css?body=1" for 127.0.0.1 at 2016-05-17 11:06:33 -0300


Started GET "/assets/materialize/velocity.min.self-5adbb81af5c205a959e06198156b4b31fcd57f02c592e3fb096d7b74e8f401a6.js?body=1" for 127.0.0.1 at 2016-05-17 11:06:33 -0300


Started GET "/assets/jquery.self-660adc51e0224b731d29f575a6f1ec167ba08ad06ed5deca4f1e8654c135bf4c.js?body=1" for 127.0.0.1 at 2016-05-17 11:06:33 -0300


Started GET "/assets/materialize/initial.self-79f269ead2aeaa809299033919f9128fa0d9700d0248cad0dcd6442ce43dc389.js?body=1" for 127.0.0.1 at 2016-05-17 11:06:33 -0300


Started GET "/assets/materialize/jquery.easing.1.3.self-0170bc905fbddc075a56bdccce1be6a58f3713a14137b607ba9bd9f96fd7835f.js?body=1" for 127.0.0.1 at 2016-05-17 11:06:33 -0300


Started GET "/assets/materialize/dropdown.self-846e8151c8bb8f7e39464f96bd95d48a37ff9831d8f478b6bdcbd563dd2534f0.js?body=1" for 127.0.0.1 at 2016-05-17 11:06:33 -0300


Started GET "/assets/materialize/hammer.min.self-bf8bdb0953b1a135f96716e362e1f7a8e64168c914fa77ca31973bb70e57a731.js?body=1" for 127.0.0.1 at 2016-05-17 11:06:33 -0300


Started GET "/assets/materialize/jquery.hammer.self-73fd69102f356b9abfc9ee242b19895f62454f42cfcfa1f066be71d2c8f41c7a.js?body=1" for 127.0.0.1 at 2016-05-17 11:06:33 -0300


Started GET "/assets/materialize/global.self-90649deff3358499c5859330da1363eea3e2bef75c80df5940f3894778f95027.js?body=1" for 127.0.0.1 at 2016-05-17 11:06:33 -0300


Started GET "/assets/materialize/animation.self-a1028b0bcf2e26331bedf7b90e81103f0707e69fdec488aa951de94b51987767.js?body=1" for 127.0.0.1 at 2016-05-17 11:06:33 -0300


Started GET "/assets/materialize/collapsible.self-4c13fea644257c8f9384721f7d3bc27bced51754ddf3602b56093e2450a5d9c2.js?body=1" for 127.0.0.1 at 2016-05-17 11:06:33 -0300


Started GET "/assets/materialize/leanModal.self-127e920c37478ac94207994c34d28e40b2d44817a0d93176ed325bdbee80863e.js?body=1" for 127.0.0.1 at 2016-05-17 11:06:33 -0300


Started GET "/assets/materialize/materialbox.self-8572736f9d17261189da8a9fc91555d63b29498f4f8665328e28261c7c4cdb68.js?body=1" for 127.0.0.1 at 2016-05-17 11:06:33 -0300


Started GET "/assets/materialize/parallax.self-7ac34f0f3dcef83deee116ea473a2770cec13e07c8e0dcce08cc2372bbe295d3.js?body=1" for 127.0.0.1 at 2016-05-17 11:06:33 -0300


Started GET "/assets/materialize/tabs.self-0eee47c7ae3f1cfcf49b9619bb067eaf4fa75379be3b78469a0120a8bf972bd3.js?body=1" for 127.0.0.1 at 2016-05-17 11:06:33 -0300


Started GET "/assets/materialize/tooltip.self-df3538fd067523c8b7f4d50e060340ec0b551ebaba9733e157c404df9a96a185.js?body=1" for 127.0.0.1 at 2016-05-17 11:06:33 -0300


Started GET "/assets/materialize/waves.self-26e9b9cfaa9ccbc292ed510f654bd279d69695f5337a14c9800b36e92f96735b.js?body=1" for 127.0.0.1 at 2016-05-17 11:06:33 -0300


Started GET "/assets/materialize/toasts.self-1eaa9f33c4c3b83f381997876ba6ac53899a5ca72a6b401708c32625fc553adc.js?body=1" for 127.0.0.1 at 2016-05-17 11:06:33 -0300


Started GET "/assets/materialize/sideNav.self-196d1801e7592bfd857227ce793d1de69b06fb6ca9d908f44f5618c8564a12d0.js?body=1" for 127.0.0.1 at 2016-05-17 11:06:33 -0300


Started GET "/assets/materialize/scrollspy.self-2d0375d44b1d864ecb8e31c25a22c4f3be766284788b0c494ec51df71e2b0e09.js?body=1" for 127.0.0.1 at 2016-05-17 11:06:33 -0300


Started GET "/assets/materialize/forms.self-e70e77c2b9157926587d6cfd009e8e0eedbaf059bdaa9e1bfe27b186b345598b.js?body=1" for 127.0.0.1 at 2016-05-17 11:06:33 -0300


Started GET "/assets/materialize/slider.self-219e35a6b0ade584e951aa0f39fe9856b3ef0e6bb33af123dd4b8ce6757b03cb.js?body=1" for 127.0.0.1 at 2016-05-17 11:06:33 -0300


Started GET "/assets/materialize/cards.self-b1de04b6f5f525d63199f556bb55d5b8bdae7170b91bfcb503958bc8ed10945b.js?body=1" for 127.0.0.1 at 2016-05-17 11:06:33 -0300


Started GET "/assets/materialize/chips.self-9b19ca899ba360746581059852bf2a40b3338402eef9df9a7806efd8578056dd.js?body=1" for 127.0.0.1 at 2016-05-17 11:06:33 -0300


Started GET "/assets/materialize/pushpin.self-101d3fec3225f47ac0da9bd501200d30f92f97f70fb15500c835cb850c962816.js?body=1" for 127.0.0.1 at 2016-05-17 11:06:33 -0300


Started GET "/assets/materialize/buttons.self-fc0951c300b1984a00694eabc8c451531be448d646ac073b05e4d2fbf7209302.js?body=1" for 127.0.0.1 at 2016-05-17 11:06:33 -0300


Started GET "/assets/materialize/transitions.self-c527b205edfdd1f961487c4c7beaf83c335262accb4dff964341a86eb60fd2f2.js?body=1" for 127.0.0.1 at 2016-05-17 11:06:33 -0300


Started GET "/assets/materialize/scrollFire.self-9fb128253d776689dfe2091470e36d2e94c13c6340700135ee679aa20148dffd.js?body=1" for 127.0.0.1 at 2016-05-17 11:06:33 -0300


Started GET "/assets/materialize/date_picker/picker.date.self-5924b278beda2df8570f137f72b37e2d0f516acbc11a0994d1abb74380f078ef.js?body=1" for 127.0.0.1 at 2016-05-17 11:06:33 -0300


Started GET "/assets/materialize/date_picker/picker.self-7a9d1216fe1172f8e8fd78fb86cfd4da25c909ebd6983cba5da20817d437d92b.js?body=1" for 127.0.0.1 at 2016-05-17 11:06:33 -0300


Started GET "/assets/materialize/character_counter.self-8bb854e15067a96db5bff6896d1d9435e4df83cf5bf6877a1d606940661d2588.js?body=1" for 127.0.0.1 at 2016-05-17 11:06:33 -0300


Started GET "/assets/materialize/carousel.self-6f3b9002af3ab4d871a03a44d2e174370720ab31f19a4ee543c1904c32e2befa.js?body=1" for 127.0.0.1 at 2016-05-17 11:06:33 -0300


Started GET "/assets/materialize-sprockets.self-4691589913babdfbd3fb736895105a8e826d4abde842e6d1e8dd2d188e255bc7.js?body=1" for 127.0.0.1 at 2016-05-17 11:06:33 -0300


Started GET "/assets/jquery_ujs.self-e87806d0cf4489aeb1bb7288016024e8de67fd18db693fe026fe3907581e53cd.js?body=1" for 127.0.0.1 at 2016-05-17 11:06:33 -0300


Started GET "/assets/alunos.self-877aef30ae1b040ab8a3aba4e3e309a11d7f2612f44dde450b5c157aa5f95c05.js?body=1" for 127.0.0.1 at 2016-05-17 11:06:33 -0300


Started GET "/assets/turbolinks.self-c37727e9bd6b2735da5c311aa83fead54ed0be6cc8bd9a65309e9c5abe2cbfff.js?body=1" for 127.0.0.1 at 2016-05-17 11:06:33 -0300


Started GET "/assets/professors.self-877aef30ae1b040ab8a3aba4e3e309a11d7f2612f44dde450b5c157aa5f95c05.js?body=1" for 127.0.0.1 at 2016-05-17 11:06:33 -0300


Started GET "/assets/disciplinas.self-877aef30ae1b040ab8a3aba4e3e309a11d7f2612f44dde450b5c157aa5f95c05.js?body=1" for 127.0.0.1 at 2016-05-17 11:06:33 -0300


Started GET "/assets/materialize/extras/nouislider.self-18d2d5ad521555c564cc69b1c153247aedf8c99609e154dc0bf963a5b3d7ede1.js?body=1" for 127.0.0.1 at 2016-05-17 11:06:33 -0300


Started GET "/assets/application.self-7862a8a8b42407b4741a1adeeea35f0d13ddc4f702ec532adb0674491d296495.js?body=1" for 127.0.0.1 at 2016-05-17 11:06:33 -0300


Started GET "/disciplinas/showDisciplinas?id=1" for 127.0.0.1 at 2016-05-17 11:06:51 -0300
Processing by DisciplinasController#showDisciplinas as HTML
  Parameters: {"id"=>"1"}
  [1m[35mDepartamento Load (0.2ms)[0m  SELECT  "departamentos".* FROM "departamentos" WHERE "departamentos"."id" = ? LIMIT 1  [["id", 1]]
  [1m[36mDisciplina Load (0.7ms)[0m  [1mSELECT "disciplinas".* FROM "disciplinas" WHERE "disciplinas"."departamento_id" = ?[0m  [["departamento_id", 1]]
  Rendered disciplinas/showDisciplinas.html.erb within layouts/application (29.0ms)
Completed 200 OK in 174ms (Views: 159.2ms | ActiveRecord: 1.9ms)


Started GET "/disciplinas/showTurmas?id=60" for 127.0.0.1 at 2016-05-17 11:06:56 -0300
Processing by DisciplinasController#showTurmas as HTML
  Parameters: {"id"=>"60"}
  [1m[35mDisciplina Load (0.2ms)[0m  SELECT  "disciplinas".* FROM "disciplinas" WHERE "disciplinas"."id" = ? LIMIT 1  [["id", 60]]
  [1m[36mTurma Load (0.2ms)[0m  [1mSELECT "turmas".* FROM "turmas" WHERE "turmas"."disciplina_id" = ?[0m  [["disciplina_id", 60]]
  [1m[35mHorario Load (0.1ms)[0m  SELECT "horarios".* FROM "horarios" WHERE "horarios"."turma_id" = ?  [["turma_id", 311]]
  [1m[36mProfessoresDasDisciplina Load (0.1ms)[0m  [1mSELECT "professores_das_disciplinas".* FROM "professores_das_disciplinas" WHERE "professores_das_disciplinas"."turma_id" = ?[0m  [["turma_id", 311]]
  [1m[35mHorario Load (0.1ms)[0m  SELECT "horarios".* FROM "horarios" WHERE "horarios"."turma_id" = ?  [["turma_id", 312]]
  [1m[36mProfessoresDasDisciplina Load (0.1ms)[0m  [1mSELECT "professores_das_disciplinas".* FROM "professores_das_disciplinas" WHERE "professores_das_disciplinas"."turma_id" = ?[0m  [["turma_id", 312]]
  Rendered disciplinas/showTurmas.html.erb within layouts/application (6.8ms)
Completed 200 OK in 112ms (Views: 110.6ms | ActiveRecord: 0.8ms)


Started GET "/disciplinas/showDepartamentos?id=1" for 127.0.0.1 at 2016-05-17 11:07:01 -0300
Processing by DisciplinasController#showDepartamentos as HTML
  Parameters: {"id"=>"1"}
  [1m[35mCampu Load (0.2ms)[0m  SELECT  "campus".* FROM "campus" WHERE "campus"."id" = ? LIMIT 1  [["id", 1]]
  [1m[36mDepartamento Load (0.4ms)[0m  [1mSELECT "departamentos".* FROM "departamentos" WHERE "departamentos"."campu_id" = ?[0m  [["campu_id", 1]]
  Rendered disciplinas/showDepartamentos.html.erb within layouts/application (14.6ms)
Completed 200 OK in 163ms (Views: 148.1ms | ActiveRecord: 0.9ms)
